<?xml version="1.0" encoding="UTF-8"?>
<testng-results ignored="0" total="1" passed="1" failed="0" skipped="0">
  <reporter-output>
  </reporter-output>
  <suite started-at="2024-01-08T23:13:27 ICT" name="Default suite" finished-at="2024-01-08T23:14:33 ICT" duration-ms="65518">
    <groups>
    </groups>
    <test started-at="2024-01-08T23:13:27 ICT" name="Default test" finished-at="2024-01-08T23:14:33 ICT" duration-ms="65518">
      <class name="LAB6.LAB6">
        <test-method is-config="true" signature="input()[pri:0, instance:LAB6.LAB6@4b0d79fc]" started-at="2024-01-08T23:13:27 ICT" name="input" finished-at="2024-01-08T23:14:04 ICT" duration-ms="37357" status="PASS">
          <reporter-output>
          </reporter-output>
        </test-method> <!-- input -->
        <test-method signature="TC01_search()[pri:0, instance:LAB6.LAB6@4b0d79fc]" started-at="2024-01-08T23:14:04 ICT" name="TC01_search" finished-at="2024-01-08T23:14:32 ICT" duration-ms="27930" status="PASS">
          <reporter-output>
          </reporter-output>
        </test-method> <!-- TC01_search -->
        <test-method is-config="true" signature="terminate()[pri:0, instance:LAB6.LAB6@4b0d79fc]" started-at="2024-01-08T23:14:32 ICT" name="terminate" finished-at="2024-01-08T23:14:33 ICT" duration-ms="151" status="PASS">
          <reporter-output>
          </reporter-output>
        </test-method> <!-- terminate -->
      </class> <!-- LAB6.LAB6 -->
    </test> <!-- Default test -->
  </suite> <!-- Default suite -->
</testng-results>
