<?xml version="1.0" encoding="UTF-8"?>
<!-- Generated by org.testng.reporters.JUnitXMLReporter -->
<testsuite ignored="0" hostname="MacBook-Air-cua-huynh.local" failures="0" tests="5" name="Default test" time="4.848" errors="0" timestamp="2023-10-24T19:15:01 ICT">
  <testcase classname="com.api.auto.testcase.TC_API_Login" name="TC_01_Validate200Ok" time="0.015"/>
  <testcase classname="com.api.auto.testcase.TC_API_Login" name="TC_02_ValidateMessage" time="1.012"/>
  <testcase classname="com.api.auto.testcase.TC_API_Login" name="TC_03_ValidateToken" time="0.083"/>
  <testcase classname="com.api.auto.testcase.TC_API_Login" name="TC_04_ValidateUserType" time="0.044"/>
  <testcase classname="com.api.auto.testcase.TC_API_Login" name="TC_05_ValidateAccount" time="0.046"/>
</testsuite> <!-- Default test -->
