<?xml version="1.0" encoding="UTF-8"?>
<!-- Generated by org.testng.reporters.JUnitXMLReporter -->
<testsuite ignored="0" hostname="MacBook-Air-cua-huynh.local" failures="0" tests="10" name="Test" time="5.414" errors="0" timestamp="2024-01-08T23:30:00 ICT">
  <testcase classname="com.api.auto.testcase.TC_API_Login" name="TC_01_Validate200Ok" time="0.02"/>
  <testcase classname="com.api.auto.testcase.TC_API_Login" name="TC_02_ValidateMessage" time="1.163"/>
  <testcase classname="com.api.auto.testcase.TC_API_Login" name="TC_03_ValidateToken" time="0.058"/>
  <testcase classname="com.api.auto.testcase.TC_API_Login" name="TC_04_ValidateUserType" time="0.031"/>
  <testcase classname="com.api.auto.testcase.TC_API_Login" name="TC_05_ValidateAccount" time="0.036"/>
  <testcase classname="com.api.auto.testcase.TC_API_CreateWork" name="TC_01_Validate201Created" time="0.005"/>
  <testcase classname="com.api.auto.testcase.TC_API_CreateWork" name="TC_02_ValidateWorkId" time="0.002"/>
  <testcase classname="com.api.auto.testcase.TC_API_CreateWork" name="TC_03_ValidateNameOfWorkMatched" time="0.034"/>
  <testcase classname="com.api.auto.testcase.TC_API_CreateWork" name="TC_04_ValidateExperienceMatched" time="0.036"/>
  <testcase classname="com.api.auto.testcase.TC_API_CreateWork" name="TC_05_ValidateEducationMatched" time="0.016"/>
</testsuite> <!-- Test -->
